<?xml version="1.0" encoding="UTF-8"?>
<testng-results skipped="0" failed="0" ignored="0" total="1" passed="1">
  <reporter-output>
  </reporter-output>
  <suite name="restAPIChaining.EndToEndTest" duration-ms="4340" started-at="2021-11-27T15:59:43Z" finished-at="2021-11-27T15:59:48Z">
    <groups>
    </groups>
    <test name="Command line test" duration-ms="4340" started-at="2021-11-27T15:59:43Z" finished-at="2021-11-27T15:59:48Z">
      <class name="restAPIChaining.EndToEndTest">
        <test-method status="PASS" signature="Test1()[pri:0, instance:restAPIChaining.EndToEndTest@17550481]" name="Test1" duration-ms="4294" started-at="2021-11-27T15:59:43Z" finished-at="2021-11-27T15:59:48Z">
          <reporter-output>
          </reporter-output>
        </test-method> <!-- Test1 -->
      </class> <!-- restAPIChaining.EndToEndTest -->
    </test> <!-- Command line test -->
  </suite> <!-- restAPIChaining.EndToEndTest -->
</testng-results>
